init

Uniform: size = 1000
start
PBBS time: Round 1--AddSize 1: 0.0000
PBBS time: Round 2--AddSize 1: 0.0000
PBBS time: Round 3--AddSize 1: 0.0000
PBBS time: Round 4--AddSize 2: 0.0000
PBBS time: Round 5--AddSize 3: 0.0000
PBBS time: Round 6--AddSize 8: 0.0000
PBBS time: Round 7--AddSize 16: 0.0000
PBBS time: Round 8--AddSize 25: 0.0000
PBBS time: Round 9--AddSize 47: 0.0000
PBBS time: Round 10--AddSize 105: 0.0000
PBBS time: Round 11--AddSize 189: 0.0000
PBBS time: Round 12--AddSize 301: 0.0000
PBBS time: Round 13--AddSize 150: 0.0000
PBBS time: Round 14--AddSize 75: 0.0000
PBBS time: Round 15--AddSize 38: 0.0000
PBBS time: Round 16--AddSize 19: 0.0000
PBBS time: Round 17--AddSize 9: 0.0000
PBBS time: Round 18--AddSize 5: 0.0000
PBBS time: Round 19--AddSize 2: 0.0000
PBBS time: Round 20--AddSize 1: 0.0000
PBBS time: Round 21--AddSize 1: 0.0000
total:93808546
Find min heap time: 8.106e-07
Find index time: 5.913e-06
Bisearch time: 9.251e-06
Merge Sequence time: 1.802e-05
parallel time: 3.7e-05
sequential time: 1.001e-05
init

Uniform: size = 3000
start
PBBS time: Round 1--AddSize 1: 0.0000
PBBS time: Round 2--AddSize 1: 0.0000
PBBS time: Round 3--AddSize 1: 0.0000
PBBS time: Round 4--AddSize 1: 0.0000
PBBS time: Round 5--AddSize 5: 0.0000
PBBS time: Round 6--AddSize 7: 0.0000
PBBS time: Round 7--AddSize 18: 0.0000
PBBS time: Round 8--AddSize 38: 0.0000
PBBS time: Round 9--AddSize 74: 0.0000
PBBS time: Round 10--AddSize 142: 0.0000
PBBS time: Round 11--AddSize 300: 0.0000
PBBS time: Round 12--AddSize 560: 0.0000
PBBS time: Round 13--AddSize 926: 0.0000
PBBS time: Round 14--AddSize 463: 0.0000
PBBS time: Round 15--AddSize 231: 0.0000
PBBS time: Round 16--AddSize 116: 0.0000
PBBS time: Round 17--AddSize 58: 0.0000
PBBS time: Round 18--AddSize 29: 0.0000
PBBS time: Round 19--AddSize 14: 0.0000
PBBS time: Round 20--AddSize 7: 0.0000
PBBS time: Round 21--AddSize 4: 0.0000
PBBS time: Round 22--AddSize 2: 0.0000
PBBS time: Round 23--AddSize 1: 0.0000
total:334043171
Find min heap time: 1.764e-06
Find index time: 3.338e-06
Bisearch time: 1.025e-05
Merge Sequence time: 3.543e-05
parallel time: 5.66e-05
sequential time: 2.813e-05
init

Uniform: size = 10000
start
PBBS time: Round 1--AddSize 1: 0.0000
PBBS time: Round 2--AddSize 2: 0.0000
PBBS time: Round 3--AddSize 2: 0.0000
PBBS time: Round 4--AddSize 7: 0.0000
PBBS time: Round 5--AddSize 16: 0.0000
PBBS time: Round 6--AddSize 28: 0.0000
PBBS time: Round 7--AddSize 69: 0.0000
PBBS time: Round 8--AddSize 119: 0.0000
PBBS time: Round 9--AddSize 238: 0.0000
PBBS time: Round 10--AddSize 462: 0.0000
PBBS time: Round 11--AddSize 920: 0.0000
PBBS time: Round 12--AddSize 1845: 0.0000
PBBS time: Round 13--AddSize 3145: 0.0000
PBBS time: Round 14--AddSize 1573: 0.0000
PBBS time: Round 15--AddSize 786: 0.0000
PBBS time: Round 16--AddSize 393: 0.0000
PBBS time: Round 17--AddSize 197: 0.0000
PBBS time: Round 18--AddSize 98: 0.0000
PBBS time: Round 19--AddSize 49: 0.0000
PBBS time: Round 20--AddSize 25: 0.0000
PBBS time: Round 21--AddSize 12: 0.0000
PBBS time: Round 22--AddSize 6: 0.0000
PBBS time: Round 23--AddSize 3: 0.0000
PBBS time: Round 24--AddSize 2: 0.0000
PBBS time: Round 25--AddSize 1: 0.0000
total:1291547103
Find min heap time: 5.722e-07
Find index time: 5.484e-06
Bisearch time: 1.197e-05
Merge Sequence time: 9.623e-05
parallel time: 0.0001186
sequential time: 9.298e-05
init

Uniform: size = 30000
start
PBBS time: Round 1--AddSize 1: 0.0000
PBBS time: Round 2--AddSize 2: 0.0000
PBBS time: Round 3--AddSize 5: 0.0000
PBBS time: Round 4--AddSize 12: 0.0000
PBBS time: Round 5--AddSize 27: 0.0000
PBBS time: Round 6--AddSize 53: 0.0000
PBBS time: Round 7--AddSize 114: 0.0000
PBBS time: Round 8--AddSize 229: 0.0000
PBBS time: Round 9--AddSize 450: 0.0000
PBBS time: Round 10--AddSize 884: 0.0000
PBBS time: Round 11--AddSize 1760: 0.0000
PBBS time: Round 12--AddSize 3490: 0.0000
PBBS time: Round 13--AddSize 6999: 0.0001
PBBS time: Round 14--AddSize 7987: 0.0001
PBBS time: Round 15--AddSize 3993: 0.0000
PBBS time: Round 16--AddSize 1997: 0.0000
PBBS time: Round 17--AddSize 998: 0.0000
PBBS time: Round 18--AddSize 499: 0.0000
PBBS time: Round 19--AddSize 250: 0.0000
PBBS time: Round 20--AddSize 125: 0.0000
PBBS time: Round 21--AddSize 62: 0.0000
PBBS time: Round 22--AddSize 31: 0.0000
PBBS time: Round 23--AddSize 16: 0.0000
PBBS time: Round 24--AddSize 8: 0.0000
PBBS time: Round 25--AddSize 4: 0.0000
PBBS time: Round 26--AddSize 2: 0.0000
PBBS time: Round 27--AddSize 1: 0.0000
total:4390719682
Find min heap time: 1.001e-06
Find index time: 6.533e-06
Bisearch time: 1.578e-05
Merge Sequence time: 0.0002677
parallel time: 0.0002954
sequential time: 0.0002689
init

Uniform: size = 100000
start
PBBS time: Round 1--AddSize 3: 0.0000
PBBS time: Round 2--AddSize 5: 0.0000
PBBS time: Round 3--AddSize 8: 0.0000
PBBS time: Round 4--AddSize 22: 0.0000
PBBS time: Round 5--AddSize 47: 0.0000
PBBS time: Round 6--AddSize 114: 0.0000
PBBS time: Round 7--AddSize 202: 0.0000
PBBS time: Round 8--AddSize 424: 0.0000
PBBS time: Round 9--AddSize 816: 0.0000
PBBS time: Round 10--AddSize 1685: 0.0000
PBBS time: Round 11--AddSize 3405: 0.0000
PBBS time: Round 12--AddSize 6699: 0.0001
PBBS time: Round 13--AddSize 13361: 0.0001
PBBS time: Round 14--AddSize 26773: 0.0002
PBBS time: Round 15--AddSize 23218: 0.0001
PBBS time: Round 16--AddSize 11609: 0.0000
PBBS time: Round 17--AddSize 5804: 0.0000
PBBS time: Round 18--AddSize 2902: 0.0000
PBBS time: Round 19--AddSize 1451: 0.0000
PBBS time: Round 20--AddSize 726: 0.0000
PBBS time: Round 21--AddSize 363: 0.0000
PBBS time: Round 22--AddSize 181: 0.0000
PBBS time: Round 23--AddSize 91: 0.0000
PBBS time: Round 24--AddSize 45: 0.0000
PBBS time: Round 25--AddSize 23: 0.0000
PBBS time: Round 26--AddSize 11: 0.0000
PBBS time: Round 27--AddSize 6: 0.0000
PBBS time: Round 28--AddSize 3: 0.0000
PBBS time: Round 29--AddSize 1: 0.0000
PBBS time: Round 30--AddSize 1: 0.0000
total:16359921492
Find min heap time: 1.192e-06
Find index time: 7.486e-06
Bisearch time: 1.974e-05
Merge Sequence time: 0.000592
parallel time: 0.0006238
sequential time: 0.0006289
init

Uniform: size = 300000
start
PBBS time: Round 1--AddSize 4: 0.0000
PBBS time: Round 2--AddSize 4: 0.0000
PBBS time: Round 3--AddSize 8: 0.0000
PBBS time: Round 4--AddSize 23: 0.0000
PBBS time: Round 5--AddSize 34: 0.0000
PBBS time: Round 6--AddSize 72: 0.0000
PBBS time: Round 7--AddSize 139: 0.0000
PBBS time: Round 8--AddSize 284: 0.0000
PBBS time: Round 9--AddSize 537: 0.0000
PBBS time: Round 10--AddSize 1142: 0.0000
PBBS time: Round 11--AddSize 2261: 0.0000
PBBS time: Round 12--AddSize 4579: 0.0000
PBBS time: Round 13--AddSize 9172: 0.0001
PBBS time: Round 14--AddSize 18251: 0.0002
PBBS time: Round 15--AddSize 36594: 0.0003
PBBS time: Round 16--AddSize 72867: 0.0006
PBBS time: Round 17--AddSize 77014: 0.0005
PBBS time: Round 18--AddSize 38507: 0.0001
PBBS time: Round 19--AddSize 19254: 0.0000
PBBS time: Round 20--AddSize 9627: 0.0000
PBBS time: Round 21--AddSize 4813: 0.0000
PBBS time: Round 22--AddSize 2407: 0.0000
PBBS time: Round 23--AddSize 1203: 0.0000
PBBS time: Round 24--AddSize 602: 0.0000
PBBS time: Round 25--AddSize 301: 0.0000
PBBS time: Round 26--AddSize 150: 0.0000
PBBS time: Round 27--AddSize 75: 0.0000
PBBS time: Round 28--AddSize 38: 0.0000
PBBS time: Round 29--AddSize 19: 0.0000
PBBS time: Round 30--AddSize 9: 0.0000
PBBS time: Round 31--AddSize 5: 0.0000
PBBS time: Round 32--AddSize 2: 0.0000
PBBS time: Round 33--AddSize 1: 0.0000
PBBS time: Round 34--AddSize 1: 0.0000
total:53870970135
Find min heap time: 9.537e-07
Find index time: 8.488e-06
Bisearch time: 5.779e-05
Merge Sequence time: 0.001786
parallel time: 0.001859
sequential time: 0.001867
init

Uniform: size = 1000000
start
PBBS time: Round 1--AddSize 12: 0.0000
PBBS time: Round 2--AddSize 14: 0.0000
PBBS time: Round 3--AddSize 28: 0.0000
PBBS time: Round 4--AddSize 52: 0.0000
PBBS time: Round 5--AddSize 96: 0.0000
PBBS time: Round 6--AddSize 210: 0.0000
PBBS time: Round 7--AddSize 428: 0.0000
PBBS time: Round 8--AddSize 871: 0.0000
PBBS time: Round 9--AddSize 1719: 0.0000
PBBS time: Round 10--AddSize 3473: 0.0000
PBBS time: Round 11--AddSize 6932: 0.0000
PBBS time: Round 12--AddSize 13788: 0.0001
PBBS time: Round 13--AddSize 27736: 0.0002
PBBS time: Round 14--AddSize 55381: 0.0003
PBBS time: Round 15--AddSize 110145: 0.0007
PBBS time: Round 16--AddSize 220130: 0.0013
PBBS time: Round 17--AddSize 279492: 0.0015
PBBS time: Round 18--AddSize 139746: 0.0003
PBBS time: Round 19--AddSize 69873: 0.0002
PBBS time: Round 20--AddSize 34937: 0.0001
PBBS time: Round 21--AddSize 17468: 0.0000
PBBS time: Round 22--AddSize 8734: 0.0000
PBBS time: Round 23--AddSize 4367: 0.0000
PBBS time: Round 24--AddSize 2184: 0.0000
PBBS time: Round 25--AddSize 1092: 0.0000
PBBS time: Round 26--AddSize 546: 0.0000
PBBS time: Round 27--AddSize 273: 0.0000
PBBS time: Round 28--AddSize 136: 0.0000
PBBS time: Round 29--AddSize 68: 0.0000
PBBS time: Round 30--AddSize 34: 0.0000
PBBS time: Round 31--AddSize 17: 0.0000
PBBS time: Round 32--AddSize 9: 0.0000
PBBS time: Round 33--AddSize 4: 0.0000
PBBS time: Round 34--AddSize 2: 0.0000
PBBS time: Round 35--AddSize 1: 0.0000
PBBS time: Round 36--AddSize 1: 0.0000
total:196737322709
Find min heap time: 2.146e-06
Find index time: 8.345e-06
Bisearch time: 0.0001984
Merge Sequence time: 0.004369
parallel time: 0.004584
sequential time: 0.004503
init

Uniform: size = 3000000
start
PBBS time: Round 1--AddSize 37: 0.0000
PBBS time: Round 2--AddSize 47: 0.0000
PBBS time: Round 3--AddSize 79: 0.0000
PBBS time: Round 4--AddSize 159: 0.0000
PBBS time: Round 5--AddSize 304: 0.0000
PBBS time: Round 6--AddSize 640: 0.0000
PBBS time: Round 7--AddSize 1283: 0.0000
PBBS time: Round 8--AddSize 2605: 0.0000
PBBS time: Round 9--AddSize 5119: 0.0000
PBBS time: Round 10--AddSize 10325: 0.0001
PBBS time: Round 11--AddSize 20693: 0.0001
PBBS time: Round 12--AddSize 41291: 0.0002
PBBS time: Round 13--AddSize 82690: 0.0004
PBBS time: Round 14--AddSize 164750: 0.0008
PBBS time: Round 15--AddSize 328876: 0.0015
PBBS time: Round 16--AddSize 658236: 0.0030
PBBS time: Round 17--AddSize 841433: 0.0036
PBBS time: Round 18--AddSize 420716: 0.0011
PBBS time: Round 19--AddSize 210358: 0.0005
PBBS time: Round 20--AddSize 105179: 0.0002
PBBS time: Round 21--AddSize 52590: 0.0001
PBBS time: Round 22--AddSize 26295: 0.0001
PBBS time: Round 23--AddSize 13147: 0.0000
PBBS time: Round 24--AddSize 6574: 0.0000
PBBS time: Round 25--AddSize 3287: 0.0000
PBBS time: Round 26--AddSize 1643: 0.0000
PBBS time: Round 27--AddSize 822: 0.0000
PBBS time: Round 28--AddSize 411: 0.0000
PBBS time: Round 29--AddSize 205: 0.0000
PBBS time: Round 30--AddSize 103: 0.0000
PBBS time: Round 31--AddSize 51: 0.0000
PBBS time: Round 32--AddSize 26: 0.0000
PBBS time: Round 33--AddSize 13: 0.0000
PBBS time: Round 34--AddSize 6: 0.0000
PBBS time: Round 35--AddSize 3: 0.0000
PBBS time: Round 36--AddSize 2: 0.0000
PBBS time: Round 37--AddSize 1: 0.0000
total:638114576080
Find min heap time: 1.24e-06
Find index time: 1.888e-05
Bisearch time: 0.0007016
Merge Sequence time: 0.01014
parallel time: 0.01086
sequential time: 0.01072
init

Uniform: size = 10000000
start
PBBS time: Round 1--AddSize 100: 0.0000
PBBS time: Round 2--AddSize 143: 0.0000
PBBS time: Round 3--AddSize 274: 0.0000
PBBS time: Round 4--AddSize 517: 0.0000
PBBS time: Round 5--AddSize 1006: 0.0000
PBBS time: Round 6--AddSize 2098: 0.0000
PBBS time: Round 7--AddSize 4219: 0.0000
PBBS time: Round 8--AddSize 8547: 0.0000
PBBS time: Round 9--AddSize 17032: 0.0001
PBBS time: Round 10--AddSize 34214: 0.0001
PBBS time: Round 11--AddSize 68890: 0.0003
PBBS time: Round 12--AddSize 137417: 0.0006
PBBS time: Round 13--AddSize 274477: 0.0012
PBBS time: Round 14--AddSize 548174: 0.0023
PBBS time: Round 15--AddSize 1095700: 0.0046
PBBS time: Round 16--AddSize 2194903: 0.0093
PBBS time: Round 17--AddSize 2806144: 0.0114
PBBS time: Round 18--AddSize 1403072: 0.0043
PBBS time: Round 19--AddSize 701536: 0.0020
PBBS time: Round 20--AddSize 350768: 0.0008
PBBS time: Round 21--AddSize 175384: 0.0004
PBBS time: Round 22--AddSize 87692: 0.0002
PBBS time: Round 23--AddSize 43846: 0.0001
PBBS time: Round 24--AddSize 21923: 0.0001
PBBS time: Round 25--AddSize 10962: 0.0000
PBBS time: Round 26--AddSize 5481: 0.0000
PBBS time: Round 27--AddSize 2740: 0.0000
PBBS time: Round 28--AddSize 1370: 0.0000
PBBS time: Round 29--AddSize 685: 0.0000
PBBS time: Round 30--AddSize 343: 0.0000
PBBS time: Round 31--AddSize 171: 0.0000
PBBS time: Round 32--AddSize 86: 0.0000
PBBS time: Round 33--AddSize 43: 0.0000
PBBS time: Round 34--AddSize 21: 0.0000
PBBS time: Round 35--AddSize 11: 0.0000
PBBS time: Round 36--AddSize 5: 0.0000
PBBS time: Round 37--AddSize 3: 0.0000
PBBS time: Round 38--AddSize 1: 0.0000
PBBS time: Round 39--AddSize 1: 0.0000
total:2301693164038
Find min heap time: 7.629e-07
Find index time: 2.99e-05
Bisearch time: 0.003191
Merge Sequence time: 0.03348
parallel time: 0.0367
sequential time: 0.0353
init

Uniform: size = 30000000
start
PBBS time: Round 1--AddSize 297: 0.0000
PBBS time: Round 2--AddSize 430: 0.0000
PBBS time: Round 3--AddSize 805: 0.0000
PBBS time: Round 4--AddSize 1588: 0.0000
PBBS time: Round 5--AddSize 3125: 0.0000
PBBS time: Round 6--AddSize 6346: 0.0000
PBBS time: Round 7--AddSize 12846: 0.0001
PBBS time: Round 8--AddSize 25595: 0.0001
PBBS time: Round 9--AddSize 51293: 0.0002
PBBS time: Round 10--AddSize 102804: 0.0004
PBBS time: Round 11--AddSize 205863: 0.0009
PBBS time: Round 12--AddSize 411018: 0.0017
PBBS time: Round 13--AddSize 821952: 0.0034
PBBS time: Round 14--AddSize 1641758: 0.0068
PBBS time: Round 15--AddSize 3283714: 0.0139
PBBS time: Round 16--AddSize 6572360: 0.0287
PBBS time: Round 17--AddSize 8429103: 0.0351
PBBS time: Round 18--AddSize 4214551: 0.0130
PBBS time: Round 19--AddSize 2107276: 0.0065
PBBS time: Round 20--AddSize 1053638: 0.0032
PBBS time: Round 21--AddSize 526819: 0.0013
PBBS time: Round 22--AddSize 263409: 0.0006
PBBS time: Round 23--AddSize 131705: 0.0003
PBBS time: Round 24--AddSize 65852: 0.0001
PBBS time: Round 25--AddSize 32926: 0.0001
PBBS time: Round 26--AddSize 16463: 0.0000
PBBS time: Round 27--AddSize 8232: 0.0000
PBBS time: Round 28--AddSize 4116: 0.0000
PBBS time: Round 29--AddSize 2058: 0.0000
PBBS time: Round 30--AddSize 1029: 0.0000
PBBS time: Round 31--AddSize 514: 0.0000
PBBS time: Round 32--AddSize 257: 0.0000
PBBS time: Round 33--AddSize 129: 0.0000
PBBS time: Round 34--AddSize 64: 0.0000
PBBS time: Round 35--AddSize 32: 0.0000
PBBS time: Round 36--AddSize 16: 0.0000
PBBS time: Round 37--AddSize 8: 0.0000
PBBS time: Round 38--AddSize 4: 0.0000
PBBS time: Round 39--AddSize 2: 0.0000
PBBS time: Round 40--AddSize 1: 0.0000
PBBS time: Round 41--AddSize 1: 0.0000
total:7375914005949
Find min heap time: 1.526e-06
Find index time: 3.037e-05
Bisearch time: 0.01218
Merge Sequence time: 0.103
parallel time: 0.1153
sequential time: 0.109
init

Uniform: size = 100000000
start
PBBS time: Round 1--AddSize 989: 0.0000
PBBS time: Round 2--AddSize 1472: 0.0001
PBBS time: Round 3--AddSize 2753: 0.0000
PBBS time: Round 4--AddSize 5394: 0.0000
PBBS time: Round 5--AddSize 10602: 0.0001
PBBS time: Round 6--AddSize 21290: 0.0001
PBBS time: Round 7--AddSize 42586: 0.0002
PBBS time: Round 8--AddSize 85061: 0.0004
PBBS time: Round 9--AddSize 170581: 0.0007
PBBS time: Round 10--AddSize 341173: 0.0014
PBBS time: Round 11--AddSize 683170: 0.0028
PBBS time: Round 12--AddSize 1366247: 0.0055
PBBS time: Round 13--AddSize 2732824: 0.0112
PBBS time: Round 14--AddSize 5463803: 0.0232
PBBS time: Round 15--AddSize 10926375: 0.0480
PBBS time: Round 16--AddSize 21860793: 0.0960
PBBS time: Round 17--AddSize 28142443: 0.1167
PBBS time: Round 18--AddSize 14071222: 0.0431
PBBS time: Round 19--AddSize 7035611: 0.0216
PBBS time: Round 20--AddSize 3517805: 0.0108
PBBS time: Round 21--AddSize 1758903: 0.0054
PBBS time: Round 22--AddSize 879451: 0.0025
PBBS time: Round 23--AddSize 439726: 0.0011
PBBS time: Round 24--AddSize 219863: 0.0005
PBBS time: Round 25--AddSize 109931: 0.0002
PBBS time: Round 26--AddSize 54966: 0.0001
PBBS time: Round 27--AddSize 27483: 0.0001
PBBS time: Round 28--AddSize 13741: 0.0000
PBBS time: Round 29--AddSize 6871: 0.0000
PBBS time: Round 30--AddSize 3435: 0.0000
PBBS time: Round 31--AddSize 1718: 0.0000
PBBS time: Round 32--AddSize 859: 0.0000
PBBS time: Round 33--AddSize 429: 0.0000
PBBS time: Round 34--AddSize 215: 0.0000
PBBS time: Round 35--AddSize 107: 0.0000
PBBS time: Round 36--AddSize 54: 0.0000
PBBS time: Round 37--AddSize 27: 0.0000
PBBS time: Round 38--AddSize 13: 0.0000
PBBS time: Round 39--AddSize 7: 0.0000
PBBS time: Round 40--AddSize 3: 0.0000
PBBS time: Round 41--AddSize 2: 0.0000
PBBS time: Round 42--AddSize 1: 0.0000
total:26326423642562
Find min heap time: 3.767e-06
Find index time: 4.282e-05
Bisearch time: 0.04311
Merge Sequence time: 0.349
parallel time: 0.3922
sequential time: 0.3681
init

Uniform: size = 300000000
start
PBBS time: Round 1--AddSize 2997: 0.0000
PBBS time: Round 2--AddSize 4484: 0.0001
PBBS time: Round 3--AddSize 8264: 0.0000
PBBS time: Round 4--AddSize 16132: 0.0001
PBBS time: Round 5--AddSize 31984: 0.0001
PBBS time: Round 6--AddSize 63866: 0.0003
PBBS time: Round 7--AddSize 128096: 0.0005
PBBS time: Round 8--AddSize 256035: 0.0010
PBBS time: Round 9--AddSize 511860: 0.0020
PBBS time: Round 10--AddSize 1024075: 0.0041
PBBS time: Round 11--AddSize 2047738: 0.0083
PBBS time: Round 12--AddSize 4096803: 0.0170
PBBS time: Round 13--AddSize 8192458: 0.0345
PBBS time: Round 14--AddSize 16389060: 0.0686
PBBS time: Round 15--AddSize 32768300: 0.1394
PBBS time: Round 16--AddSize 65546788: 0.2841
PBBS time: Round 17--AddSize 84455530: 0.3497
PBBS time: Round 18--AddSize 42227765: 0.1316
PBBS time: Round 19--AddSize 21113882: 0.0651
PBBS time: Round 20--AddSize 10556941: 0.0331
PBBS time: Round 21--AddSize 5278471: 0.0167
PBBS time: Round 22--AddSize 2639235: 0.0084
PBBS time: Round 23--AddSize 1319618: 0.0042
PBBS time: Round 24--AddSize 659809: 0.0018
PBBS time: Round 25--AddSize 329904: 0.0008
PBBS time: Round 26--AddSize 164952: 0.0004
PBBS time: Round 27--AddSize 82476: 0.0002
PBBS time: Round 28--AddSize 41238: 0.0001
PBBS time: Round 29--AddSize 20619: 0.0000
PBBS time: Round 30--AddSize 10310: 0.0000
PBBS time: Round 31--AddSize 5155: 0.0000
PBBS time: Round 32--AddSize 2577: 0.0000
PBBS time: Round 33--AddSize 1289: 0.0000
PBBS time: Round 34--AddSize 644: 0.0000
PBBS time: Round 35--AddSize 322: 0.0000
PBBS time: Round 36--AddSize 161: 0.0000
PBBS time: Round 37--AddSize 81: 0.0000
PBBS time: Round 38--AddSize 40: 0.0000
PBBS time: Round 39--AddSize 20: 0.0000
PBBS time: Round 40--AddSize 10: 0.0000
PBBS time: Round 41--AddSize 5: 0.0000
PBBS time: Round 42--AddSize 3: 0.0000
PBBS time: Round 43--AddSize 1: 0.0000
PBBS time: Round 44--AddSize 1: 0.0000
total:83747069498462
Find min heap time: 1.431e-06
Find index time: 5.355e-05
Bisearch time: 0.1277
Merge Sequence time: 1.033
parallel time: 1.161
sequential time: 1.11
init

Uniform: size = 1000000000
start
PBBS time: Round 1--AddSize 9980: 0.0001
PBBS time: Round 2--AddSize 15011: 0.0001
PBBS time: Round 3--AddSize 27633: 0.0001
PBBS time: Round 4--AddSize 53781: 0.0002
PBBS time: Round 5--AddSize 106818: 0.0004
PBBS time: Round 6--AddSize 213427: 0.0008
PBBS time: Round 7--AddSize 427225: 0.0016
PBBS time: Round 8--AddSize 853715: 0.0031
PBBS time: Round 9--AddSize 1706990: 0.0062
PBBS time: Round 10--AddSize 3415157: 0.0125
PBBS time: Round 11--AddSize 6826771: 0.0258
PBBS time: Round 12--AddSize 13653972: 0.0523
PBBS time: Round 13--AddSize 27307181: 0.1059
PBBS time: Round 14--AddSize 54621254: 0.2130
PBBS time: Round 15--AddSize 109232100: 0.4358
PBBS time: Round 16--AddSize 218464946: 0.8771
PBBS time: Round 17--AddSize 281532019: 1.0996
PBBS time: Round 18--AddSize 140766010: 0.4406
PBBS time: Round 19--AddSize 70383005: 0.2203
PBBS time: Round 20--AddSize 35191502: 0.1098
PBBS time: Round 21--AddSize 17595751: 0.0553
PBBS time: Round 22--AddSize 8797876: 0.0276
PBBS time: Round 23--AddSize 4398938: 0.0138
PBBS time: Round 24--AddSize 2199469: 0.0069
PBBS time: Round 25--AddSize 1099734: 0.0034
PBBS time: Round 26--AddSize 549867: 0.0013
PBBS time: Round 27--AddSize 274934: 0.0006
PBBS time: Round 28--AddSize 137467: 0.0003
PBBS time: Round 29--AddSize 68733: 0.0002
PBBS time: Round 30--AddSize 34367: 0.0001
PBBS time: Round 31--AddSize 17183: 0.0000
PBBS time: Round 32--AddSize 8592: 0.0000
PBBS time: Round 33--AddSize 4296: 0.0000
PBBS time: Round 34--AddSize 2148: 0.0000
PBBS time: Round 35--AddSize 1074: 0.0000
PBBS time: Round 36--AddSize 537: 0.0000
PBBS time: Round 37--AddSize 268: 0.0000
PBBS time: Round 38--AddSize 134: 0.0000
PBBS time: Round 39--AddSize 67: 0.0000
PBBS time: Round 40--AddSize 34: 0.0000
PBBS time: Round 41--AddSize 17: 0.0000
PBBS time: Round 42--AddSize 8: 0.0000
PBBS time: Round 43--AddSize 4: 0.0000
PBBS time: Round 44--AddSize 2: 0.0000
PBBS time: Round 45--AddSize 1: 0.0000
PBBS time: Round 46--AddSize 1: 0.0000
total:296424974346987
Find min heap time: 3.624e-06
Find index time: 0.000104
Bisearch time: 0.4147
Merge Sequence time: 3.275
parallel time: 3.69
sequential time: 3.739
init

Uniform: size = 3000000000
start
PBBS time: Round 1--AddSize 30055: 0.0001
PBBS time: Round 2--AddSize 45016: 0.0002
PBBS time: Round 3--AddSize 82710: 0.0003
PBBS time: Round 4--AddSize 161323: 0.0006
PBBS time: Round 5--AddSize 320463: 0.0011
PBBS time: Round 6--AddSize 640161: 0.0022
PBBS time: Round 7--AddSize 1280458: 0.0043
PBBS time: Round 8--AddSize 2559794: 0.0088
PBBS time: Round 9--AddSize 5119786: 0.0182
PBBS time: Round 10--AddSize 10240721: 0.0370
PBBS time: Round 11--AddSize 20479057: 0.0744
PBBS time: Round 12--AddSize 40961052: 0.1484
PBBS time: Round 13--AddSize 81919731: 0.2998
PBBS time: Round 14--AddSize 163843788: 0.6046
PBBS time: Round 15--AddSize 327679927: 1.2251
PBBS time: Round 16--AddSize 655370301: 2.4631
PBBS time: Round 17--AddSize 844632828: 3.1056
PBBS time: Round 18--AddSize 422316414: 1.3236
PBBS time: Round 19--AddSize 211158207: 0.6589
PBBS time: Round 20--AddSize 105579104: 0.3303
PBBS time: Round 21--AddSize 52789552: 0.1641
PBBS time: Round 22--AddSize 26394776: 0.0821
PBBS time: Round 23--AddSize 13197388: 0.0417
PBBS time: Round 24--AddSize 6598694: 0.0207
PBBS time: Round 25--AddSize 3299347: 0.0104
PBBS time: Round 26--AddSize 1649673: 0.0052
PBBS time: Round 27--AddSize 824837: 0.0024
PBBS time: Round 28--AddSize 412418: 0.0009
PBBS time: Round 29--AddSize 206209: 0.0005
PBBS time: Round 30--AddSize 103105: 0.0002
PBBS time: Round 31--AddSize 51552: 0.0001
PBBS time: Round 32--AddSize 25776: 0.0001
PBBS time: Round 33--AddSize 12888: 0.0000
PBBS time: Round 34--AddSize 6444: 0.0000
PBBS time: Round 35--AddSize 3222: 0.0000
PBBS time: Round 36--AddSize 1611: 0.0000
PBBS time: Round 37--AddSize 806: 0.0000
PBBS time: Round 38--AddSize 403: 0.0000
PBBS time: Round 39--AddSize 201: 0.0000
PBBS time: Round 40--AddSize 101: 0.0000
PBBS time: Round 41--AddSize 50: 0.0000
PBBS time: Round 42--AddSize 25: 0.0000
PBBS time: Round 43--AddSize 13: 0.0000
PBBS time: Round 44--AddSize 6: 0.0000
PBBS time: Round 45--AddSize 3: 0.0000
PBBS time: Round 46--AddSize 2: 0.0000
PBBS time: Round 47--AddSize 1: 0.0000
total:937104478206864
Find min heap time: 6.294e-06
Find index time: 0.0001542
Bisearch time: 1.124
Merge Sequence time: 9.473
parallel time: 10.6
sequential time: 11.27
init

Exponential: size = 1052
start
PBBS time: Round 1--AddSize 472: 0.0000
PBBS time: Round 2--AddSize 290: 0.0000
PBBS time: Round 3--AddSize 145: 0.0000
PBBS time: Round 4--AddSize 72: 0.0000
PBBS time: Round 5--AddSize 36: 0.0000
PBBS time: Round 6--AddSize 18: 0.0000
PBBS time: Round 7--AddSize 9: 0.0000
PBBS time: Round 8--AddSize 5: 0.0000
PBBS time: Round 9--AddSize 2: 0.0000
PBBS time: Round 10--AddSize 1: 0.0000
PBBS time: Round 11--AddSize 1: 0.0000
total:104723957
Find min heap time: 5.722e-07
Find index time: 1.383e-06
Bisearch time: 3.338e-06
Merge Sequence time: 6.104e-06
parallel time: 1.321e-05
sequential time: 3.099e-06
init

Exponential: size = 3165
start
PBBS time: Round 1--AddSize 1418: 0.0000
PBBS time: Round 2--AddSize 873: 0.0000
PBBS time: Round 3--AddSize 437: 0.0000
PBBS time: Round 4--AddSize 218: 0.0000
PBBS time: Round 5--AddSize 109: 0.0000
PBBS time: Round 6--AddSize 55: 0.0000
PBBS time: Round 7--AddSize 27: 0.0000
PBBS time: Round 8--AddSize 14: 0.0000
PBBS time: Round 9--AddSize 7: 0.0000
PBBS time: Round 10--AddSize 3: 0.0000
PBBS time: Round 11--AddSize 2: 0.0000
PBBS time: Round 12--AddSize 1: 0.0000
total:365651001
Find min heap time: 3.815e-07
Find index time: 4.292e-07
Bisearch time: 5.388e-06
Merge Sequence time: 9.441e-06
parallel time: 1.822e-05
sequential time: 9.06e-06
init

Exponential: size = 10544
start
PBBS time: Round 1--AddSize 167: 0.0000
PBBS time: Round 2--AddSize 5188: 0.0000
PBBS time: Round 3--AddSize 2594: 0.0000
PBBS time: Round 4--AddSize 1297: 0.0000
PBBS time: Round 5--AddSize 649: 0.0000
PBBS time: Round 6--AddSize 324: 0.0000
PBBS time: Round 7--AddSize 162: 0.0000
PBBS time: Round 8--AddSize 81: 0.0000
PBBS time: Round 9--AddSize 41: 0.0000
PBBS time: Round 10--AddSize 20: 0.0000
PBBS time: Round 11--AddSize 10: 0.0000
PBBS time: Round 12--AddSize 5: 0.0000
PBBS time: Round 13--AddSize 3: 0.0000
PBBS time: Round 14--AddSize 1: 0.0000
PBBS time: Round 15--AddSize 1: 0.0000
total:1401423193
Find min heap time: 8.106e-07
Find index time: 1.335e-06
Bisearch time: 5.484e-06
Merge Sequence time: 3.285e-05
parallel time: 4.301e-05
sequential time: 3.004e-05
init

Exponential: size = 31639
start
PBBS time: Round 1--AddSize 501: 0.0000
PBBS time: Round 2--AddSize 14214: 0.0000
PBBS time: Round 3--AddSize 8462: 0.0000
PBBS time: Round 4--AddSize 4231: 0.0000
PBBS time: Round 5--AddSize 2115: 0.0000
PBBS time: Round 6--AddSize 1058: 0.0000
PBBS time: Round 7--AddSize 529: 0.0000
PBBS time: Round 8--AddSize 264: 0.0000
PBBS time: Round 9--AddSize 132: 0.0000
PBBS time: Round 10--AddSize 66: 0.0000
PBBS time: Round 11--AddSize 33: 0.0000
PBBS time: Round 12--AddSize 17: 0.0000
PBBS time: Round 13--AddSize 8: 0.0000
PBBS time: Round 14--AddSize 4: 0.0000
PBBS time: Round 15--AddSize 2: 0.0000
PBBS time: Round 16--AddSize 1: 0.0000
PBBS time: Round 17--AddSize 1: 0.0000
total:4685067279
Find min heap time: 1.001e-06
Find index time: 2.003e-06
Bisearch time: 7.296e-06
Merge Sequence time: 7.763e-05
parallel time: 8.922e-05
sequential time: 8.798e-05
init

Exponential: size = 105458
start
PBBS time: Round 1--AddSize 1670: 0.0000
PBBS time: Round 2--AddSize 47379: 0.0008
PBBS time: Round 3--AddSize 28204: 0.0002
PBBS time: Round 4--AddSize 14102: 0.0000
PBBS time: Round 5--AddSize 7051: 0.0000
PBBS time: Round 6--AddSize 3526: 0.0000
PBBS time: Round 7--AddSize 1763: 0.0000
PBBS time: Round 8--AddSize 881: 0.0000
PBBS time: Round 9--AddSize 441: 0.0000
PBBS time: Round 10--AddSize 220: 0.0000
PBBS time: Round 11--AddSize 110: 0.0000
PBBS time: Round 12--AddSize 55: 0.0000
PBBS time: Round 13--AddSize 28: 0.0000
PBBS time: Round 14--AddSize 14: 0.0000
PBBS time: Round 15--AddSize 7: 0.0000
PBBS time: Round 16--AddSize 3: 0.0000
PBBS time: Round 17--AddSize 2: 0.0000
PBBS time: Round 18--AddSize 1: 0.0000
total:17466830309
Find min heap time: 9.537e-07
Find index time: 3.815e-07
Bisearch time: 1.249e-05
Merge Sequence time: 0.0002215
parallel time: 0.0002384
sequential time: 0.000294
init

Exponential: size = 316382
start
PBBS time: Round 1--AddSize 5012: 0.0000
PBBS time: Round 2--AddSize 142139: 0.0003
PBBS time: Round 3--AddSize 84615: 0.0002
PBBS time: Round 4--AddSize 42308: 0.0001
PBBS time: Round 5--AddSize 21154: 0.0000
PBBS time: Round 6--AddSize 10577: 0.0000
PBBS time: Round 7--AddSize 5288: 0.0000
PBBS time: Round 8--AddSize 2644: 0.0000
PBBS time: Round 9--AddSize 1322: 0.0000
PBBS time: Round 10--AddSize 661: 0.0000
PBBS time: Round 11--AddSize 331: 0.0000
PBBS time: Round 12--AddSize 165: 0.0000
PBBS time: Round 13--AddSize 83: 0.0000
PBBS time: Round 14--AddSize 41: 0.0000
PBBS time: Round 15--AddSize 21: 0.0000
PBBS time: Round 16--AddSize 10: 0.0000
PBBS time: Round 17--AddSize 5: 0.0000
PBBS time: Round 18--AddSize 3: 0.0000
PBBS time: Round 19--AddSize 1: 0.0000
PBBS time: Round 20--AddSize 1: 0.0000
total:57433639484
Find min heap time: 8.106e-07
Find index time: 3.862e-06
Bisearch time: 2.203e-05
Merge Sequence time: 0.0005977
parallel time: 0.0006274
sequential time: 0.0008821
init

Exponential: size = 1054603
start
PBBS time: Round 1--AddSize 16708: 0.0000
PBBS time: Round 2--AddSize 518906: 0.0010
PBBS time: Round 3--AddSize 259494: 0.0008
PBBS time: Round 4--AddSize 129747: 0.0003
PBBS time: Round 5--AddSize 64874: 0.0002
PBBS time: Round 6--AddSize 32437: 0.0001
PBBS time: Round 7--AddSize 16218: 0.0000
PBBS time: Round 8--AddSize 8109: 0.0000
PBBS time: Round 9--AddSize 4055: 0.0000
PBBS time: Round 10--AddSize 2027: 0.0000
PBBS time: Round 11--AddSize 1014: 0.0000
PBBS time: Round 12--AddSize 507: 0.0000
PBBS time: Round 13--AddSize 253: 0.0000
PBBS time: Round 14--AddSize 127: 0.0000
PBBS time: Round 15--AddSize 63: 0.0000
PBBS time: Round 16--AddSize 32: 0.0000
PBBS time: Round 17--AddSize 16: 0.0000
PBBS time: Round 18--AddSize 8: 0.0000
PBBS time: Round 19--AddSize 4: 0.0000
PBBS time: Round 20--AddSize 2: 0.0000
PBBS time: Round 21--AddSize 1: 0.0000
total:209228458198
Find min heap time: 7.629e-07
Find index time: 3.815e-06
Bisearch time: 5.374e-05
Merge Sequence time: 0.001949
parallel time: 0.002011
sequential time: 0.002961
init

Exponential: size = 3163810
start
PBBS time: Round 1--AddSize 50122: 0.0001
PBBS time: Round 2--AddSize 1421385: 0.0040
PBBS time: Round 3--AddSize 846151: 0.0024
PBBS time: Round 4--AddSize 423076: 0.0010
PBBS time: Round 5--AddSize 211538: 0.0005
PBBS time: Round 6--AddSize 105769: 0.0002
PBBS time: Round 7--AddSize 52884: 0.0001
PBBS time: Round 8--AddSize 26442: 0.0001
PBBS time: Round 9--AddSize 13221: 0.0000
PBBS time: Round 10--AddSize 6611: 0.0000
PBBS time: Round 11--AddSize 3305: 0.0000
PBBS time: Round 12--AddSize 1653: 0.0000
PBBS time: Round 13--AddSize 826: 0.0000
PBBS time: Round 14--AddSize 413: 0.0000
PBBS time: Round 15--AddSize 207: 0.0000
PBBS time: Round 16--AddSize 103: 0.0000
PBBS time: Round 17--AddSize 52: 0.0000
PBBS time: Round 18--AddSize 26: 0.0000
PBBS time: Round 19--AddSize 13: 0.0000
PBBS time: Round 20--AddSize 6: 0.0000
PBBS time: Round 21--AddSize 3: 0.0000
PBBS time: Round 22--AddSize 2: 0.0000
PBBS time: Round 23--AddSize 1: 0.0000
total:678456261196
Find min heap time: 6.199e-07
Find index time: 3.91e-06
Bisearch time: 0.0002267
Merge Sequence time: 0.007375
parallel time: 0.007615
sequential time: 0.009971
init

Exponential: size = 10546032
start
PBBS time: Round 1--AddSize 167075: 0.0005
PBBS time: Round 2--AddSize 5189067: 0.0167
PBBS time: Round 3--AddSize 2594945: 0.0081
PBBS time: Round 4--AddSize 1297472: 0.0039
PBBS time: Round 5--AddSize 648736: 0.0017
PBBS time: Round 6--AddSize 324368: 0.0007
PBBS time: Round 7--AddSize 162184: 0.0004
PBBS time: Round 8--AddSize 81092: 0.0002
PBBS time: Round 9--AddSize 40546: 0.0001
PBBS time: Round 10--AddSize 20273: 0.0000
PBBS time: Round 11--AddSize 10137: 0.0000
PBBS time: Round 12--AddSize 5068: 0.0000
PBBS time: Round 13--AddSize 2534: 0.0000
PBBS time: Round 14--AddSize 1267: 0.0000
PBBS time: Round 15--AddSize 634: 0.0000
PBBS time: Round 16--AddSize 317: 0.0000
PBBS time: Round 17--AddSize 158: 0.0000
PBBS time: Round 18--AddSize 79: 0.0000
PBBS time: Round 19--AddSize 40: 0.0000
PBBS time: Round 20--AddSize 20: 0.0000
PBBS time: Round 21--AddSize 10: 0.0000
PBBS time: Round 22--AddSize 5: 0.0000
PBBS time: Round 23--AddSize 2: 0.0000
PBBS time: Round 24--AddSize 1: 0.0000
PBBS time: Round 25--AddSize 1: 0.0000
total:2444186958403
Find min heap time: 8.583e-07
Find index time: 5.15e-06
Bisearch time: 0.001301
Merge Sequence time: 0.03014
parallel time: 0.03146
sequential time: 0.03627
init

Exponential: size = 31638099
start
PBBS time: Round 1--AddSize 501225: 0.0016
PBBS time: Round 2--AddSize 14213850: 0.0467
PBBS time: Round 3--AddSize 8461512: 0.0271
PBBS time: Round 4--AddSize 4230756: 0.0131
PBBS time: Round 5--AddSize 2115378: 0.0066
PBBS time: Round 6--AddSize 1057689: 0.0032
PBBS time: Round 7--AddSize 528844: 0.0013
PBBS time: Round 8--AddSize 264422: 0.0006
PBBS time: Round 9--AddSize 132211: 0.0003
PBBS time: Round 10--AddSize 66106: 0.0001
PBBS time: Round 11--AddSize 33053: 0.0001
PBBS time: Round 12--AddSize 16526: 0.0000
PBBS time: Round 13--AddSize 8263: 0.0000
PBBS time: Round 14--AddSize 4132: 0.0000
PBBS time: Round 15--AddSize 2066: 0.0000
PBBS time: Round 16--AddSize 1033: 0.0000
PBBS time: Round 17--AddSize 516: 0.0000
PBBS time: Round 18--AddSize 258: 0.0000
PBBS time: Round 19--AddSize 129: 0.0000
PBBS time: Round 20--AddSize 65: 0.0000
PBBS time: Round 21--AddSize 32: 0.0000
PBBS time: Round 22--AddSize 16: 0.0000
PBBS time: Round 23--AddSize 8: 0.0000
PBBS time: Round 24--AddSize 4: 0.0000
PBBS time: Round 25--AddSize 2: 0.0000
PBBS time: Round 26--AddSize 1: 0.0000
PBBS time: Round 27--AddSize 1: 0.0000
total:7809998990023
Find min heap time: 1.717e-06
Find index time: 9.346e-06
Bisearch time: 0.004418
Merge Sequence time: 0.09494
parallel time: 0.09938
sequential time: 0.1118
init

Exponential: size = 105460323
start
PBBS time: Round 1--AddSize 1670751: 0.0053
PBBS time: Round 2--AddSize 51890672: 0.1749
PBBS time: Round 3--AddSize 25949450: 0.0828
PBBS time: Round 4--AddSize 12974725: 0.0407
PBBS time: Round 5--AddSize 6487362: 0.0205
PBBS time: Round 6--AddSize 3243681: 0.0102
PBBS time: Round 7--AddSize 1621841: 0.0051
PBBS time: Round 8--AddSize 810920: 0.0025
PBBS time: Round 9--AddSize 405460: 0.0009
PBBS time: Round 10--AddSize 202730: 0.0004
PBBS time: Round 11--AddSize 101365: 0.0002
PBBS time: Round 12--AddSize 50683: 0.0001
PBBS time: Round 13--AddSize 25341: 0.0001
PBBS time: Round 14--AddSize 12671: 0.0000
PBBS time: Round 15--AddSize 6335: 0.0000
PBBS time: Round 16--AddSize 3168: 0.0000
PBBS time: Round 17--AddSize 1584: 0.0000
PBBS time: Round 18--AddSize 792: 0.0000
PBBS time: Round 19--AddSize 396: 0.0000
PBBS time: Round 20--AddSize 198: 0.0000
PBBS time: Round 21--AddSize 99: 0.0000
PBBS time: Round 22--AddSize 49: 0.0000
PBBS time: Round 23--AddSize 25: 0.0000
PBBS time: Round 24--AddSize 12: 0.0000
PBBS time: Round 25--AddSize 6: 0.0000
PBBS time: Round 26--AddSize 3: 0.0000
PBBS time: Round 27--AddSize 2: 0.0000
PBBS time: Round 28--AddSize 1: 0.0000
total:27899317222569
Find min heap time: 1.431e-06
Find index time: 1.03e-05
Bisearch time: 0.01659
Merge Sequence time: 0.3226
parallel time: 0.3393
sequential time: 0.3824
init

Exponential: size = 316380976
start
PBBS time: Round 1--AddSize 5012253: 0.0160
PBBS time: Round 2--AddSize 155672020: 0.5500
PBBS time: Round 3--AddSize 77848351: 0.2537
PBBS time: Round 4--AddSize 38924176: 0.1232
PBBS time: Round 5--AddSize 19462088: 0.0614
PBBS time: Round 6--AddSize 9731044: 0.0306
PBBS time: Round 7--AddSize 4865522: 0.0153
PBBS time: Round 8--AddSize 2432761: 0.0077
PBBS time: Round 9--AddSize 1216380: 0.0038
PBBS time: Round 10--AddSize 608190: 0.0015
PBBS time: Round 11--AddSize 304095: 0.0006
PBBS time: Round 12--AddSize 152048: 0.0003
PBBS time: Round 13--AddSize 76024: 0.0002
PBBS time: Round 14--AddSize 38012: 0.0001
PBBS time: Round 15--AddSize 19006: 0.0000
PBBS time: Round 16--AddSize 9503: 0.0000
PBBS time: Round 17--AddSize 4751: 0.0000
PBBS time: Round 18--AddSize 2376: 0.0000
PBBS time: Round 19--AddSize 1188: 0.0000
PBBS time: Round 20--AddSize 594: 0.0000
PBBS time: Round 21--AddSize 297: 0.0000
PBBS time: Round 22--AddSize 148: 0.0000
PBBS time: Round 23--AddSize 74: 0.0000
PBBS time: Round 24--AddSize 37: 0.0000
PBBS time: Round 25--AddSize 19: 0.0000
PBBS time: Round 26--AddSize 9: 0.0000
PBBS time: Round 27--AddSize 5: 0.0000
PBBS time: Round 28--AddSize 2: 0.0000
PBBS time: Round 29--AddSize 1: 0.0000
PBBS time: Round 30--AddSize 1: 0.0000
total:88699642596295
Find min heap time: 2.337e-06
Find index time: 1.078e-05
Bisearch time: 0.07146
Merge Sequence time: 0.9778
parallel time: 1.049
sequential time: 1.138
init

Exponential: size = 1054603256
start
PBBS time: Round 1--AddSize 16707510: 0.0526
PBBS time: Round 2--AddSize 473794975: 1.6861
PBBS time: Round 3--AddSize 282050385: 0.9319
PBBS time: Round 4--AddSize 141025193: 0.4414
PBBS time: Round 5--AddSize 70512596: 0.2208
PBBS time: Round 6--AddSize 35256298: 0.1092
PBBS time: Round 7--AddSize 17628149: 0.0550
PBBS time: Round 8--AddSize 8814075: 0.0276
PBBS time: Round 9--AddSize 4407037: 0.0138
PBBS time: Round 10--AddSize 2203519: 0.0070
PBBS time: Round 11--AddSize 1101759: 0.0034
PBBS time: Round 12--AddSize 550880: 0.0013
PBBS time: Round 13--AddSize 275440: 0.0006
PBBS time: Round 14--AddSize 137720: 0.0003
PBBS time: Round 15--AddSize 68860: 0.0002
PBBS time: Round 16--AddSize 34430: 0.0001
PBBS time: Round 17--AddSize 17215: 0.0000
PBBS time: Round 18--AddSize 8607: 0.0000
PBBS time: Round 19--AddSize 4304: 0.0000
PBBS time: Round 20--AddSize 2152: 0.0000
PBBS time: Round 21--AddSize 1076: 0.0000
PBBS time: Round 22--AddSize 538: 0.0000
PBBS time: Round 23--AddSize 269: 0.0000
PBBS time: Round 24--AddSize 134: 0.0000
PBBS time: Round 25--AddSize 67: 0.0000
PBBS time: Round 26--AddSize 34: 0.0000
PBBS time: Round 27--AddSize 17: 0.0000
PBBS time: Round 28--AddSize 8: 0.0000
PBBS time: Round 29--AddSize 4: 0.0000
PBBS time: Round 30--AddSize 2: 0.0000
PBBS time: Round 31--AddSize 1: 0.0000
PBBS time: Round 32--AddSize 1: 0.0000
total:313414157678058
Find min heap time: 1.335e-06
Find index time: 2.232e-05
Bisearch time: 0.2912
Merge Sequence time: 3.241
parallel time: 3.532
sequential time: 3.831
init

Exponential: size = 3163809770
start
PBBS time: Round 1--AddSize 50122531: 0.1581
PBBS time: Round 2--AddSize 1556720209: 5.6771
PBBS time: Round 3--AddSize 778483515: 2.5258
PBBS time: Round 4--AddSize 389241757: 1.2202
PBBS time: Round 5--AddSize 194620879: 0.6098
PBBS time: Round 6--AddSize 97310439: 0.3051
PBBS time: Round 7--AddSize 48655220: 0.1517
PBBS time: Round 8--AddSize 24327610: 0.0768
PBBS time: Round 9--AddSize 12163805: 0.0382
PBBS time: Round 10--AddSize 6081902: 0.0191
PBBS time: Round 11--AddSize 3040951: 0.0096
PBBS time: Round 12--AddSize 1520476: 0.0048
PBBS time: Round 13--AddSize 760238: 0.0022
PBBS time: Round 14--AddSize 380119: 0.0008
PBBS time: Round 15--AddSize 190059: 0.0004
PBBS time: Round 16--AddSize 95030: 0.0002
PBBS time: Round 17--AddSize 47515: 0.0001
PBBS time: Round 18--AddSize 23757: 0.0001
PBBS time: Round 19--AddSize 11879: 0.0000
PBBS time: Round 20--AddSize 5939: 0.0000
PBBS time: Round 21--AddSize 2970: 0.0000
PBBS time: Round 22--AddSize 1485: 0.0000
PBBS time: Round 23--AddSize 742: 0.0000
PBBS time: Round 24--AddSize 371: 0.0000
PBBS time: Round 25--AddSize 186: 0.0000
PBBS time: Round 26--AddSize 93: 0.0000
PBBS time: Round 27--AddSize 46: 0.0000
PBBS time: Round 28--AddSize 23: 0.0000
PBBS time: Round 29--AddSize 12: 0.0000
PBBS time: Round 30--AddSize 6: 0.0000
PBBS time: Round 31--AddSize 3: 0.0000
PBBS time: Round 32--AddSize 1: 0.0000
PBBS time: Round 33--AddSize 1: 0.0000
total:991357593243392
Find min heap time: 2.575e-06
Find index time: 2.728e-05
Bisearch time: 0.9425
Merge Sequence time: 9.802
parallel time: 10.74
sequential time: 11.56
init

Zipfian:size = 233
start
PBBS time: Round 1--AddSize 1: 0.0000
PBBS time: Round 2--AddSize 4: 0.0000
PBBS time: Round 3--AddSize 2: 0.0000
PBBS time: Round 4--AddSize 2: 0.0000
PBBS time: Round 5--AddSize 3: 0.0000
PBBS time: Round 6--AddSize 15: 0.0000
PBBS time: Round 7--AddSize 59: 0.0000
PBBS time: Round 8--AddSize 73: 0.0000
PBBS time: Round 9--AddSize 37: 0.0000
PBBS time: Round 10--AddSize 18: 0.0000
PBBS time: Round 11--AddSize 9: 0.0000
PBBS time: Round 12--AddSize 5: 0.0000
PBBS time: Round 13--AddSize 2: 0.0000
PBBS time: Round 14--AddSize 1: 0.0000
PBBS time: Round 15--AddSize 1: 0.0000
total:18186895
Find min heap time: 5.722e-07
Find index time: 1.144e-06
Bisearch time: 3.529e-06
Merge Sequence time: 8.774e-06
parallel time: 1.602e-05
sequential time: 1.907e-06
init

Zipfian:size = 738
start
PBBS time: Round 1--AddSize 1: 0.0000
PBBS time: Round 2--AddSize 1: 0.0000
PBBS time: Round 3--AddSize 4: 0.0000
PBBS time: Round 4--AddSize 13: 0.0000
PBBS time: Round 5--AddSize 11: 0.0000
PBBS time: Round 6--AddSize 8: 0.0000
PBBS time: Round 7--AddSize 17: 0.0000
PBBS time: Round 8--AddSize 66: 0.0000
PBBS time: Round 9--AddSize 201: 0.0000
PBBS time: Round 10--AddSize 208: 0.0000
PBBS time: Round 11--AddSize 104: 0.0000
PBBS time: Round 12--AddSize 52: 0.0000
PBBS time: Round 13--AddSize 26: 0.0000
PBBS time: Round 14--AddSize 13: 0.0000
PBBS time: Round 15--AddSize 6: 0.0000
PBBS time: Round 16--AddSize 3: 0.0000
PBBS time: Round 17--AddSize 2: 0.0000
PBBS time: Round 18--AddSize 1: 0.0000
total:67194159
Find min heap time: 1.526e-06
Find index time: 7.629e-07
Bisearch time: 4.959e-06
Merge Sequence time: 9.918e-06
parallel time: 2.098e-05
sequential time: 5.007e-06
init

Zipfian:size = 2615
start
PBBS time: Round 1--AddSize 2: 0.0000
PBBS time: Round 2--AddSize 2: 0.0000
PBBS time: Round 3--AddSize 4: 0.0000
PBBS time: Round 4--AddSize 2: 0.0000
PBBS time: Round 5--AddSize 2: 0.0000
PBBS time: Round 6--AddSize 12: 0.0000
PBBS time: Round 7--AddSize 41: 0.0000
PBBS time: Round 8--AddSize 37: 0.0000
PBBS time: Round 9--AddSize 33: 0.0000
PBBS time: Round 10--AddSize 72: 0.0000
PBBS time: Round 11--AddSize 246: 0.0000
PBBS time: Round 12--AddSize 646: 0.0000
PBBS time: Round 13--AddSize 758: 0.0000
PBBS time: Round 14--AddSize 379: 0.0000
PBBS time: Round 15--AddSize 189: 0.0000
PBBS time: Round 16--AddSize 95: 0.0000
PBBS time: Round 17--AddSize 47: 0.0000
PBBS time: Round 18--AddSize 24: 0.0000
PBBS time: Round 19--AddSize 12: 0.0000
PBBS time: Round 20--AddSize 6: 0.0000
PBBS time: Round 21--AddSize 3: 0.0000
PBBS time: Round 22--AddSize 1: 0.0000
PBBS time: Round 23--AddSize 1: 0.0000
total:283933313
Find min heap time: 8.106e-07
Find index time: 4.148e-06
Bisearch time: 3.624e-06
Merge Sequence time: 2.098e-05
parallel time: 3.281e-05
sequential time: 1.192e-05
init

Zipfian:size = 8155
start
PBBS time: Round 1--AddSize 7: 0.0000
PBBS time: Round 2--AddSize 6: 0.0000
PBBS time: Round 3--AddSize 3: 0.0000
PBBS time: Round 4--AddSize 10: 0.0000
PBBS time: Round 5--AddSize 8: 0.0000
PBBS time: Round 6--AddSize 35: 0.0000
PBBS time: Round 7--AddSize 120: 0.0000
PBBS time: Round 8--AddSize 115: 0.0000
PBBS time: Round 9--AddSize 104: 0.0000
PBBS time: Round 10--AddSize 254: 0.0000
PBBS time: Round 11--AddSize 716: 0.0000
PBBS time: Round 12--AddSize 1868: 0.0000
PBBS time: Round 13--AddSize 2454: 0.0000
PBBS time: Round 14--AddSize 1227: 0.0000
PBBS time: Round 15--AddSize 614: 0.0000
PBBS time: Round 16--AddSize 307: 0.0000
PBBS time: Round 17--AddSize 153: 0.0000
PBBS time: Round 18--AddSize 77: 0.0000
PBBS time: Round 19--AddSize 38: 0.0000
PBBS time: Round 20--AddSize 19: 0.0000
PBBS time: Round 21--AddSize 10: 0.0000
PBBS time: Round 22--AddSize 5: 0.0000
PBBS time: Round 23--AddSize 2: 0.0000
PBBS time: Round 24--AddSize 1: 0.0000
PBBS time: Round 25--AddSize 1: 0.0000
total:1013254924
Find min heap time: 8.583e-07
Find index time: 1.812e-06
Bisearch time: 6.58e-06
Merge Sequence time: 4.225e-05
parallel time: 5.522e-05
sequential time: 3.6e-05
init

Zipfian:size = 28125
start
PBBS time: Round 1--AddSize 6: 0.0000
PBBS time: Round 2--AddSize 20: 0.0000
PBBS time: Round 3--AddSize 20: 0.0000
PBBS time: Round 4--AddSize 35: 0.0000
PBBS time: Round 5--AddSize 33: 0.0000
PBBS time: Round 6--AddSize 115: 0.0000
PBBS time: Round 7--AddSize 307: 0.0000
PBBS time: Round 8--AddSize 395: 0.0000
PBBS time: Round 9--AddSize 394: 0.0000
PBBS time: Round 10--AddSize 842: 0.0000
PBBS time: Round 11--AddSize 1707: 0.0000
PBBS time: Round 12--AddSize 6257: 0.0000
PBBS time: Round 13--AddSize 8802: 0.0000
PBBS time: Round 14--AddSize 4596: 0.0000
PBBS time: Round 15--AddSize 2298: 0.0000
PBBS time: Round 16--AddSize 1149: 0.0000
PBBS time: Round 17--AddSize 574: 0.0000
PBBS time: Round 18--AddSize 287: 0.0000
PBBS time: Round 19--AddSize 144: 0.0000
PBBS time: Round 20--AddSize 72: 0.0000
PBBS time: Round 21--AddSize 36: 0.0000
PBBS time: Round 22--AddSize 18: 0.0000
PBBS time: Round 23--AddSize 9: 0.0000
PBBS time: Round 24--AddSize 4: 0.0000
PBBS time: Round 25--AddSize 2: 0.0000
PBBS time: Round 26--AddSize 1: 0.0000
PBBS time: Round 27--AddSize 1: 0.0000
total:3986244478
Find min heap time: 9.537e-07
Find index time: 6.104e-06
Bisearch time: 1.197e-05
Merge Sequence time: 0.0001193
parallel time: 0.0001406
sequential time: 0.0001199
init

Zipfian:size = 86617
start
PBBS time: Round 1--AddSize 18: 0.0000
PBBS time: Round 2--AddSize 54: 0.0000
PBBS time: Round 3--AddSize 56: 0.0000
PBBS time: Round 4--AddSize 102: 0.0000
PBBS time: Round 5--AddSize 95: 0.0000
PBBS time: Round 6--AddSize 339: 0.0000
PBBS time: Round 7--AddSize 453: 0.0000
PBBS time: Round 8--AddSize 1315: 0.0000
PBBS time: Round 9--AddSize 1370: 0.0000
PBBS time: Round 10--AddSize 2417: 0.0000
PBBS time: Round 11--AddSize 5416: 0.0000
PBBS time: Round 12--AddSize 13588: 0.0001
PBBS time: Round 13--AddSize 28000: 0.0001
PBBS time: Round 14--AddSize 16697: 0.0001
PBBS time: Round 15--AddSize 8348: 0.0000
PBBS time: Round 16--AddSize 4174: 0.0000
PBBS time: Round 17--AddSize 2087: 0.0000
PBBS time: Round 18--AddSize 1044: 0.0000
PBBS time: Round 19--AddSize 522: 0.0000
PBBS time: Round 20--AddSize 261: 0.0000
PBBS time: Round 21--AddSize 130: 0.0000
PBBS time: Round 22--AddSize 65: 0.0000
PBBS time: Round 23--AddSize 33: 0.0000
PBBS time: Round 24--AddSize 16: 0.0000
PBBS time: Round 25--AddSize 8: 0.0000
PBBS time: Round 26--AddSize 4: 0.0000
PBBS time: Round 27--AddSize 2: 0.0000
PBBS time: Round 28--AddSize 1: 0.0000
PBBS time: Round 29--AddSize 1: 0.0000
total:13678624922
Find min heap time: 5.722e-07
Find index time: 7.057e-06
Bisearch time: 1.574e-05
Merge Sequence time: 0.0003183
parallel time: 0.000345
sequential time: 0.0003369
init

Zipfian:size = 295811
start
PBBS time: Round 1--AddSize 6: 0.0000
PBBS time: Round 2--AddSize 54: 0.0000
PBBS time: Round 3--AddSize 254: 0.0000
PBBS time: Round 4--AddSize 138: 0.0000
PBBS time: Round 5--AddSize 310: 0.0000
PBBS time: Round 6--AddSize 346: 0.0000
PBBS time: Round 7--AddSize 1119: 0.0000
PBBS time: Round 8--AddSize 3274: 0.0000
PBBS time: Round 9--AddSize 3958: 0.0000
PBBS time: Round 10--AddSize 4746: 0.0000
PBBS time: Round 11--AddSize 10174: 0.0001
PBBS time: Round 12--AddSize 25466: 0.0001
PBBS time: Round 13--AddSize 61208: 0.0003
PBBS time: Round 14--AddSize 92379: 0.0004
PBBS time: Round 15--AddSize 46189: 0.0001
PBBS time: Round 16--AddSize 23095: 0.0001
PBBS time: Round 17--AddSize 11547: 0.0000
PBBS time: Round 18--AddSize 5774: 0.0000
PBBS time: Round 19--AddSize 2887: 0.0000
PBBS time: Round 20--AddSize 1443: 0.0000
PBBS time: Round 21--AddSize 722: 0.0000
PBBS time: Round 22--AddSize 361: 0.0000
PBBS time: Round 23--AddSize 180: 0.0000
PBBS time: Round 24--AddSize 90: 0.0000
PBBS time: Round 25--AddSize 45: 0.0000
PBBS time: Round 26--AddSize 23: 0.0000
PBBS time: Round 27--AddSize 11: 0.0000
PBBS time: Round 28--AddSize 6: 0.0000
PBBS time: Round 29--AddSize 3: 0.0000
PBBS time: Round 30--AddSize 1: 0.0000
PBBS time: Round 31--AddSize 1: 0.0000
total:51937683212
Find min heap time: 1.383e-06
Find index time: 8.678e-06
Bisearch time: 5.026e-05
Merge Sequence time: 0.001
parallel time: 0.001063
sequential time: 0.001101
init

Zipfian:size = 904274
start
PBBS time: Round 1--AddSize 19: 0.0000
PBBS time: Round 2--AddSize 152: 0.0000
PBBS time: Round 3--AddSize 476: 0.0000
PBBS time: Round 4--AddSize 511: 0.0000
PBBS time: Round 5--AddSize 945: 0.0000
PBBS time: Round 6--AddSize 953: 0.0000
PBBS time: Round 7--AddSize 3297: 0.0000
PBBS time: Round 8--AddSize 4633: 0.0000
PBBS time: Round 9--AddSize 12691: 0.0001
PBBS time: Round 10--AddSize 14613: 0.0001
PBBS time: Round 11--AddSize 26322: 0.0001
PBBS time: Round 12--AddSize 53675: 0.0003
PBBS time: Round 13--AddSize 117598: 0.0005
PBBS time: Round 14--AddSize 295682: 0.0012
PBBS time: Round 15--AddSize 186353: 0.0006
PBBS time: Round 16--AddSize 93177: 0.0002
PBBS time: Round 17--AddSize 46588: 0.0001
PBBS time: Round 18--AddSize 23294: 0.0001
PBBS time: Round 19--AddSize 11647: 0.0000
PBBS time: Round 20--AddSize 5824: 0.0000
PBBS time: Round 21--AddSize 2912: 0.0000
PBBS time: Round 22--AddSize 1456: 0.0000
PBBS time: Round 23--AddSize 728: 0.0000
PBBS time: Round 24--AddSize 364: 0.0000
PBBS time: Round 25--AddSize 182: 0.0000
PBBS time: Round 26--AddSize 91: 0.0000
PBBS time: Round 27--AddSize 45: 0.0000
PBBS time: Round 28--AddSize 23: 0.0000
PBBS time: Round 29--AddSize 11: 0.0000
PBBS time: Round 30--AddSize 6: 0.0000
PBBS time: Round 31--AddSize 3: 0.0000
PBBS time: Round 32--AddSize 1: 0.0000
PBBS time: Round 33--AddSize 1: 0.0000
total:173287863562
Find min heap time: 8.106e-07
Find index time: 9.68e-06
Bisearch time: 0.0001456
Merge Sequence time: 0.002913
parallel time: 0.003072
sequential time: 0.003268
init

Zipfian:size = 3068574
start
PBBS time: Round 1--AddSize 2: 0.0000
PBBS time: Round 2--AddSize 14: 0.0000
PBBS time: Round 3--AddSize 69: 0.0000
PBBS time: Round 4--AddSize 502: 0.0000
PBBS time: Round 5--AddSize 2251: 0.0000
PBBS time: Round 6--AddSize 1342: 0.0000
PBBS time: Round 7--AddSize 3025: 0.0000
PBBS time: Round 8--AddSize 3679: 0.0000
PBBS time: Round 9--AddSize 10986: 0.0000
PBBS time: Round 10--AddSize 30879: 0.0001
PBBS time: Round 11--AddSize 39743: 0.0002
PBBS time: Round 12--AddSize 52266: 0.0002
PBBS time: Round 13--AddSize 110784: 0.0005
PBBS time: Round 14--AddSize 264716: 0.0011
PBBS time: Round 15--AddSize 617638: 0.0025
PBBS time: Round 16--AddSize 965339: 0.0040
PBBS time: Round 17--AddSize 482669: 0.0013
PBBS time: Round 18--AddSize 241335: 0.0005
PBBS time: Round 19--AddSize 120667: 0.0003
PBBS time: Round 20--AddSize 60334: 0.0001
PBBS time: Round 21--AddSize 30167: 0.0001
PBBS time: Round 22--AddSize 15083: 0.0000
PBBS time: Round 23--AddSize 7542: 0.0000
PBBS time: Round 24--AddSize 3771: 0.0000
PBBS time: Round 25--AddSize 1885: 0.0000
PBBS time: Round 26--AddSize 943: 0.0000
PBBS time: Round 27--AddSize 471: 0.0000
PBBS time: Round 28--AddSize 236: 0.0000
PBBS time: Round 29--AddSize 118: 0.0000
PBBS time: Round 30--AddSize 59: 0.0000
PBBS time: Round 31--AddSize 29: 0.0000
PBBS time: Round 32--AddSize 15: 0.0000
PBBS time: Round 33--AddSize 7: 0.0000
PBBS time: Round 34--AddSize 4: 0.0000
PBBS time: Round 35--AddSize 2: 0.0000
PBBS time: Round 36--AddSize 1: 0.0000
total:642663506085
Find min heap time: 1.335e-06
Find index time: 1.936e-05
Bisearch time: 0.0005807
Merge Sequence time: 0.009679
parallel time: 0.01028
sequential time: 0.01111
init

Zipfian:size = 9338043
start
PBBS time: Round 1--AddSize 15: 0.0000
PBBS time: Round 2--AddSize 18: 0.0000
PBBS time: Round 3--AddSize 193: 0.0000
PBBS time: Round 4--AddSize 1421: 0.0000
PBBS time: Round 5--AddSize 4197: 0.0000
PBBS time: Round 6--AddSize 4635: 0.0000
PBBS time: Round 7--AddSize 8636: 0.0000
PBBS time: Round 8--AddSize 7462: 0.0000
PBBS time: Round 9--AddSize 30184: 0.0001
PBBS time: Round 10--AddSize 27478: 0.0001
PBBS time: Round 11--AddSize 112177: 0.0004
PBBS time: Round 12--AddSize 130112: 0.0005
PBBS time: Round 13--AddSize 206701: 0.0009
PBBS time: Round 14--AddSize 425704: 0.0018
PBBS time: Round 15--AddSize 1002364: 0.0040
PBBS time: Round 16--AddSize 2340962: 0.0093
PBBS time: Round 17--AddSize 2517892: 0.0098
PBBS time: Round 18--AddSize 1258946: 0.0039
PBBS time: Round 19--AddSize 629473: 0.0017
PBBS time: Round 20--AddSize 314736: 0.0007
PBBS time: Round 21--AddSize 157368: 0.0003
PBBS time: Round 22--AddSize 78684: 0.0002
PBBS time: Round 23--AddSize 39342: 0.0001
PBBS time: Round 24--AddSize 19671: 0.0000
PBBS time: Round 25--AddSize 9836: 0.0000
PBBS time: Round 26--AddSize 4918: 0.0000
PBBS time: Round 27--AddSize 2459: 0.0000
PBBS time: Round 28--AddSize 1229: 0.0000
PBBS time: Round 29--AddSize 615: 0.0000
PBBS time: Round 30--AddSize 307: 0.0000
PBBS time: Round 31--AddSize 154: 0.0000
PBBS time: Round 32--AddSize 77: 0.0000
PBBS time: Round 33--AddSize 38: 0.0000
PBBS time: Round 34--AddSize 19: 0.0000
PBBS time: Round 35--AddSize 10: 0.0000
PBBS time: Round 36--AddSize 5: 0.0000
PBBS time: Round 37--AddSize 2: 0.0000
PBBS time: Round 38--AddSize 1: 0.0000
PBBS time: Round 39--AddSize 1: 0.0000
total:2105665724141
Find min heap time: 2.003e-06
Find index time: 2.813e-05
Bisearch time: 0.002304
Merge Sequence time: 0.0305
parallel time: 0.03284
sequential time: 0.03364
init

Zipfian:size = 31559974
start
PBBS time: Round 1--AddSize 80: 0.0000
PBBS time: Round 2--AddSize 93: 0.0000
PBBS time: Round 3--AddSize 667: 0.0000
PBBS time: Round 4--AddSize 4548: 0.0000
PBBS time: Round 5--AddSize 13297: 0.0001
PBBS time: Round 6--AddSize 14865: 0.0001
PBBS time: Round 7--AddSize 27927: 0.0001
PBBS time: Round 8--AddSize 23797: 0.0001
PBBS time: Round 9--AddSize 97325: 0.0004
PBBS time: Round 10--AddSize 92379: 0.0003
PBBS time: Round 11--AddSize 364954: 0.0013
PBBS time: Round 12--AddSize 432542: 0.0017
PBBS time: Round 13--AddSize 707157: 0.0027
PBBS time: Round 14--AddSize 1402161: 0.0055
PBBS time: Round 15--AddSize 3367872: 0.0131
PBBS time: Round 16--AddSize 7740945: 0.0302
PBBS time: Round 17--AddSize 8634682: 0.0331
PBBS time: Round 18--AddSize 4317341: 0.0134
PBBS time: Round 19--AddSize 2158671: 0.0067
PBBS time: Round 20--AddSize 1079335: 0.0033
PBBS time: Round 21--AddSize 539668: 0.0012
PBBS time: Round 22--AddSize 269834: 0.0006
PBBS time: Round 23--AddSize 134917: 0.0003
PBBS time: Round 24--AddSize 67458: 0.0001
PBBS time: Round 25--AddSize 33729: 0.0001
PBBS time: Round 26--AddSize 16865: 0.0000
PBBS time: Round 27--AddSize 8432: 0.0000
PBBS time: Round 28--AddSize 4216: 0.0000
PBBS time: Round 29--AddSize 2108: 0.0000
PBBS time: Round 30--AddSize 1054: 0.0000
PBBS time: Round 31--AddSize 527: 0.0000
PBBS time: Round 32--AddSize 264: 0.0000
PBBS time: Round 33--AddSize 132: 0.0000
PBBS time: Round 34--AddSize 66: 0.0000
PBBS time: Round 35--AddSize 33: 0.0000
PBBS time: Round 36--AddSize 16: 0.0000
PBBS time: Round 37--AddSize 8: 0.0000
PBBS time: Round 38--AddSize 4: 0.0000
PBBS time: Round 39--AddSize 2: 0.0000
PBBS time: Round 40--AddSize 1: 0.0000
PBBS time: Round 41--AddSize 1: 0.0000
total:7667862009751
Find min heap time: 2.146e-06
Find index time: 3.08e-05
Bisearch time: 0.01006
Merge Sequence time: 0.104
parallel time: 0.1141
sequential time: 0.1175
init

Zipfian:size = 95748777
start
PBBS time: Round 1--AddSize 294: 0.0000
PBBS time: Round 2--AddSize 356: 0.0000
PBBS time: Round 3--AddSize 2061: 0.0000
PBBS time: Round 4--AddSize 13215: 0.0001
PBBS time: Round 5--AddSize 38298: 0.0001
PBBS time: Round 6--AddSize 43486: 0.0002
PBBS time: Round 7--AddSize 81273: 0.0003
PBBS time: Round 8--AddSize 72958: 0.0003
PBBS time: Round 9--AddSize 286151: 0.0010
PBBS time: Round 10--AddSize 280902: 0.0011
PBBS time: Round 11--AddSize 1072949: 0.0038
PBBS time: Round 12--AddSize 1305505: 0.0049
PBBS time: Round 13--AddSize 2169066: 0.0084
PBBS time: Round 14--AddSize 4300560: 0.0171
PBBS time: Round 15--AddSize 10125737: 0.0404
PBBS time: Round 16--AddSize 23182009: 0.0919
PBBS time: Round 17--AddSize 26386978: 0.1017
PBBS time: Round 18--AddSize 13193489: 0.0410
PBBS time: Round 19--AddSize 6596745: 0.0203
PBBS time: Round 20--AddSize 3298372: 0.0102
PBBS time: Round 21--AddSize 1649186: 0.0051
PBBS time: Round 22--AddSize 824593: 0.0024
PBBS time: Round 23--AddSize 412297: 0.0009
PBBS time: Round 24--AddSize 206148: 0.0004
PBBS time: Round 25--AddSize 103074: 0.0002
PBBS time: Round 26--AddSize 51537: 0.0001
PBBS time: Round 27--AddSize 25769: 0.0001
PBBS time: Round 28--AddSize 12884: 0.0000
PBBS time: Round 29--AddSize 6442: 0.0000
PBBS time: Round 30--AddSize 3221: 0.0000
PBBS time: Round 31--AddSize 1611: 0.0000
PBBS time: Round 32--AddSize 805: 0.0000
PBBS time: Round 33--AddSize 403: 0.0000
PBBS time: Round 34--AddSize 201: 0.0000
PBBS time: Round 35--AddSize 101: 0.0000
PBBS time: Round 36--AddSize 50: 0.0000
PBBS time: Round 37--AddSize 25: 0.0000
PBBS time: Round 38--AddSize 13: 0.0000
PBBS time: Round 39--AddSize 6: 0.0000
PBBS time: Round 40--AddSize 3: 0.0000
PBBS time: Round 41--AddSize 2: 0.0000
PBBS time: Round 42--AddSize 1: 0.0000
total:24809608865034
Find min heap time: 2.813e-06
Find index time: 4.549e-05
Bisearch time: 0.0344
Merge Sequence time: 0.3164
parallel time: 0.3509
sequential time: 0.355
init

Zipfian:size = 316619064
start
PBBS time: Round 1--AddSize 1076: 0.0000
PBBS time: Round 2--AddSize 1341: 0.0000
PBBS time: Round 3--AddSize 6901: 0.0000
PBBS time: Round 4--AddSize 42317: 0.0002
PBBS time: Round 5--AddSize 121854: 0.0004
PBBS time: Round 6--AddSize 139825: 0.0005
PBBS time: Round 7--AddSize 261864: 0.0009
PBBS time: Round 8--AddSize 242545: 0.0009
PBBS time: Round 9--AddSize 925477: 0.0032
PBBS time: Round 10--AddSize 935054: 0.0036
PBBS time: Round 11--AddSize 3477492: 0.0122
PBBS time: Round 12--AddSize 4315694: 0.0162
PBBS time: Round 13--AddSize 7238003: 0.0287
PBBS time: Round 14--AddSize 14370269: 0.0570
PBBS time: Round 15--AddSize 33499463: 0.1321
PBBS time: Round 16--AddSize 76265662: 0.3020
PBBS time: Round 17--AddSize 87387113: 0.3357
PBBS time: Round 18--AddSize 43693557: 0.1357
PBBS time: Round 19--AddSize 21846778: 0.0683
PBBS time: Round 20--AddSize 10923389: 0.0339
PBBS time: Round 21--AddSize 5461695: 0.0169
PBBS time: Round 22--AddSize 2730847: 0.0085
PBBS time: Round 23--AddSize 1365424: 0.0043
PBBS time: Round 24--AddSize 682712: 0.0019
PBBS time: Round 25--AddSize 341356: 0.0009
PBBS time: Round 26--AddSize 170678: 0.0004
PBBS time: Round 27--AddSize 85339: 0.0002
PBBS time: Round 28--AddSize 42669: 0.0001
PBBS time: Round 29--AddSize 21335: 0.0001
PBBS time: Round 30--AddSize 10667: 0.0000
PBBS time: Round 31--AddSize 5334: 0.0000
PBBS time: Round 32--AddSize 2667: 0.0000
PBBS time: Round 33--AddSize 1333: 0.0000
PBBS time: Round 34--AddSize 667: 0.0000
PBBS time: Round 35--AddSize 333: 0.0000
PBBS time: Round 36--AddSize 167: 0.0000
PBBS time: Round 37--AddSize 83: 0.0000
PBBS time: Round 38--AddSize 42: 0.0000
PBBS time: Round 39--AddSize 21: 0.0000
PBBS time: Round 40--AddSize 10: 0.0000
PBBS time: Round 41--AddSize 5: 0.0000
PBBS time: Round 42--AddSize 3: 0.0000
PBBS time: Round 43--AddSize 1: 0.0000
PBBS time: Round 44--AddSize 1: 0.0000
total:87495744303235
Find min heap time: 3.576e-06
Find index time: 4.83e-05
Bisearch time: 0.1176
Merge Sequence time: 1.042
parallel time: 1.159
sequential time: 1.177
init

Zipfian:size = 912117493
start
PBBS time: Round 1--AddSize 3166: 0.0000
PBBS time: Round 2--AddSize 3974: 0.0000
PBBS time: Round 3--AddSize 19948: 0.0001
PBBS time: Round 4--AddSize 121090: 0.0004
PBBS time: Round 5--AddSize 348203: 0.0012
PBBS time: Round 6--AddSize 400521: 0.0014
PBBS time: Round 7--AddSize 750332: 0.0025
PBBS time: Round 8--AddSize 699521: 0.0025
PBBS time: Round 9--AddSize 2653684: 0.0091
PBBS time: Round 10--AddSize 2698349: 0.0096
PBBS time: Round 11--AddSize 9970384: 0.0351
PBBS time: Round 12--AddSize 12433134: 0.0459
PBBS time: Round 13--AddSize 20869725: 0.0796
PBBS time: Round 14--AddSize 41489026: 0.1597
PBBS time: Round 15--AddSize 96516996: 0.3720
PBBS time: Round 16--AddSize 218690533: 0.8460
PBBS time: Round 17--AddSize 252224453: 0.9498
PBBS time: Round 18--AddSize 126112227: 0.3959
PBBS time: Round 19--AddSize 63056113: 0.1969
PBBS time: Round 20--AddSize 31528057: 0.0984
PBBS time: Round 21--AddSize 15764028: 0.0496
PBBS time: Round 22--AddSize 7882014: 0.0246
PBBS time: Round 23--AddSize 3941007: 0.0123
PBBS time: Round 24--AddSize 1970504: 0.0062
PBBS time: Round 25--AddSize 985252: 0.0031
PBBS time: Round 26--AddSize 492626: 0.0011
PBBS time: Round 27--AddSize 246313: 0.0005
PBBS time: Round 28--AddSize 123156: 0.0003
PBBS time: Round 29--AddSize 61578: 0.0001
PBBS time: Round 30--AddSize 30789: 0.0001
PBBS time: Round 31--AddSize 15395: 0.0000
PBBS time: Round 32--AddSize 7697: 0.0000
PBBS time: Round 33--AddSize 3849: 0.0000
PBBS time: Round 34--AddSize 1924: 0.0000
PBBS time: Round 35--AddSize 962: 0.0000
PBBS time: Round 36--AddSize 481: 0.0000
PBBS time: Round 37--AddSize 241: 0.0000
PBBS time: Round 38--AddSize 120: 0.0000
PBBS time: Round 39--AddSize 60: 0.0000
PBBS time: Round 40--AddSize 30: 0.0000
PBBS time: Round 41--AddSize 15: 0.0000
PBBS time: Round 42--AddSize 8: 0.0000
PBBS time: Round 43--AddSize 4: 0.0000
PBBS time: Round 44--AddSize 2: 0.0000
PBBS time: Round 45--AddSize 1: 0.0000
total:265682603709711
Find min heap time: 2.623e-06
Find index time: 0.0001094
Bisearch time: 0.3353
Merge Sequence time: 2.955
parallel time: 3.291
sequential time: 3.398
